<?xml version="1.0" encoding="UTF-8"?>
<!-- Generated by org.testng.reporters.JUnitReportReporter -->
<testsuite hostname="LAPTOP-K475TLSM" failures="0" tests="4" name="api.test.UserTests" time="7.843" errors="0" timestamp="2024-10-25T22:47:16 IST" skipped="0">
  <testcase classname="api.test.UserTests" name="testPostUser" time="3.415"/>
  <system-out/>
  <testcase classname="api.test.UserTests" name="testGetUserByName" time="1.484"/>
  <system-out/>
  <testcase classname="api.test.UserTests" name="testupdateUser" time="1.588"/>
  <system-out/>
  <testcase classname="api.test.UserTests" name="testdeleteUser" time="1.356"/>
  <system-out/>
</testsuite> <!-- api.test.UserTests -->
