<?xml version="1.0" encoding="UTF-8"?>
<!-- Generated by org.testng.reporters.JUnitReportReporter -->
<testsuite hostname="LAPTOP-K475TLSM" failures="0" tests="9" name="api.test.DDtest" time="15.715" errors="0" timestamp="2024-10-15T21:16:15 IST" skipped="0">
  <testcase classname="api.test.DDtest" name="testpostuser" time="3.387"/>
  <system-out/>
  <testcase classname="api.test.DDtest" name="testpostuser" time="1.523"/>
  <system-out/>
  <testcase classname="api.test.DDtest" name="testpostuser" time="1.555"/>
  <system-out/>
  <testcase classname="api.test.DDtest" name="testGetUserByName" time="1.594"/>
  <system-out/>
  <testcase classname="api.test.DDtest" name="testGetUserByName" time="1.582"/>
  <system-out/>
  <testcase classname="api.test.DDtest" name="testGetUserByName" time="1.537"/>
  <system-out/>
  <testcase classname="api.test.DDtest" name="testDeleteUserByName" time="1.552"/>
  <system-out/>
  <testcase classname="api.test.DDtest" name="testDeleteUserByName" time="1.522"/>
  <system-out/>
  <testcase classname="api.test.DDtest" name="testDeleteUserByName" time="1.463"/>
  <system-out/>
</testsuite> <!-- api.test.DDtest -->
