<?xml version="1.0" encoding="UTF-8"?>
<!-- Generated by org.testng.reporters.JUnitReportReporter -->
<testsuite hostname="LAPTOP-K475TLSM" failures="0" tests="4" name="api.test.UserTests" time="7.956" errors="0" timestamp="2024-10-25T23:32:51 IST" skipped="0">
  <testcase classname="api.test.UserTests" name="testPostUser" time="3.357"/>
  <system-out/>
  <testcase classname="api.test.UserTests" name="testGetUserByName" time="1.540"/>
  <system-out/>
  <testcase classname="api.test.UserTests" name="testupdateUser" time="1.525"/>
  <system-out/>
  <testcase classname="api.test.UserTests" name="testdeleteUser" time="1.534"/>
  <system-out/>
</testsuite> <!-- api.test.UserTests -->
